<?xml version="1.0" encoding="UTF-8"?>
<!-- Generated by org.testng.reporters.JUnitXMLReporter -->
<testsuite ignored="0" hostname="LAPTOP-T2V2EV8Q" failures="1" tests="2" name="Test" time="25.714" errors="0" timestamp="07 Dec 2021 05:11:44 GMT">
  <testcase classname="TestCase.DSApplication" name="itestlistener" time="0.135">
    <failure type="java.lang.AssertionError" message="expected [Kurra] but found [Usha]">
      <![CDATA[java.lang.AssertionError: expected [Kurra] but found [Usha]
at TestCase.DSApplication.itestlistener(DSApplication.java:65)
... Removed 31 stack frames]]>
    </failure>
  </testcase> <!-- itestlistener -->
  <testcase classname="TestCase.DSApplication" name="DSAlgo" time="25.293"/>
</testsuite> <!-- Test -->
