<?xml version="1.0" encoding="UTF-8"?>
<testng-results ignored="0" total="1" passed="1" failed="0" skipped="0">
  <reporter-output>
  </reporter-output>
  <suite started-at="2021-12-04T20:16:19Z" name="Default suite" finished-at="2021-12-04T20:16:44Z" duration-ms="24545">
    <groups>
    </groups>
    <test started-at="2021-12-04T20:16:19Z" name="Default test" finished-at="2021-12-04T20:16:44Z" duration-ms="24545">
      <class name="TestCase.DSApplication">
        <test-method signature="DSAlgo()[pri:0, instance:TestCase.DSApplication@57576994]" started-at="2021-12-04T20:16:19Z" name="DSAlgo" finished-at="2021-12-04T20:16:44Z" duration-ms="24490" status="PASS">
          <reporter-output>
          </reporter-output>
        </test-method> <!-- DSAlgo -->
      </class> <!-- TestCase.DSApplication -->
    </test> <!-- Default test -->
  </suite> <!-- Default suite -->
</testng-results>
